<?xml version="1.0" encoding="UTF-8"?>
<!-- Generated by org.testng.reporters.JUnitReportReporter -->
<testsuite skipped="0" hostname="user-PC" name="com.crm.qa.testcases.LoginPageTest" tests="3" failures="0" timestamp="2020-06-24T15:34:34 EDT" time="60.978" errors="0">
  <testcase name="loginTitleTest" time="36.406" classname="com.crm.qa.testcases.LoginPageTest"/>
  <system-out/>
  <testcase name="crmImageLogoTest" time="9.009" classname="com.crm.qa.testcases.LoginPageTest"/>
  <system-out/>
  <testcase name="loginTest" time="15.563" classname="com.crm.qa.testcases.LoginPageTest"/>
  <system-out/>
</testsuite> <!-- com.crm.qa.testcases.LoginPageTest -->
